[debug] [2021-06-27T22:34:47.152Z] ----------------------------------------------------------------------
[debug] [2021-06-27T22:34:47.154Z] Command:       C:\Program Files\nodejs\node.exe C:\Users\Fernando\AppData\Roaming\npm\node_modules\firebase-tools\lib\bin\firebase.js init hosting:github
[debug] [2021-06-27T22:34:47.154Z] CLI Version:   9.14.0
[debug] [2021-06-27T22:34:47.154Z] Platform:      win32
[debug] [2021-06-27T22:34:47.155Z] Node Version:  v14.16.1
[debug] [2021-06-27T22:34:47.155Z] Time:          Sun Jun 27 2021 19:34:47 GMT-0300 (Horário Padrão de Brasília)
[debug] [2021-06-27T22:34:47.156Z] ----------------------------------------------------------------------
[debug] 
[debug] [2021-06-27T22:34:47.158Z] >>> [apiv2][query] GET https://firebase-public.firebaseio.com/cli.json [none]
[debug] [2021-06-27T22:34:47.195Z] > command requires scopes: ["email","openid","https://www.googleapis.com/auth/cloudplatformprojects.readonly","https://www.googleapis.com/auth/firebase","https://www.googleapis.com/auth/cloud-platform"]
[debug] [2021-06-27T22:34:47.195Z] > authorizing via signed-in user (nandosbx@gmail.com)
[info] 
     ######## #### ########  ######## ########     ###     ######  ########
     ##        ##  ##     ## ##       ##     ##  ##   ##  ##       ##
     ######    ##  ########  ######   ########  #########  ######  ######
     ##        ##  ##    ##  ##       ##     ## ##     ##       ## ##
     ##       #### ##     ## ######## ########  ##     ##  ######  ########

You're about to initialize a Firebase project in this directory:

  C:\Users\Fernando\Documents\Projetos\NLW6\React\letmeask

Before we get started, keep in mind:

  * You are initializing within an existing Firebase project directory

[debug] [2021-06-27T22:34:48.091Z] <<< [apiv2][status] GET https://firebase-public.firebaseio.com/cli.json 200
[debug] [2021-06-27T22:34:48.091Z] <<< [apiv2][body] GET https://firebase-public.firebaseio.com/cli.json {"cloudBuildErrorAfter":1594252800000,"cloudBuildWarnAfter":1590019200000,"defaultNode10After":1594252800000,"minVersion":"3.0.5","node8DeploysDisabledAfter":1613390400000,"node8RuntimeDisabledAfter":1615809600000,"node8WarnAfter":1600128000000}
